
2021-01-27 22:43:19...installerHook: Could not find custom/install/install_hooks.php
2021-01-27 22:44:01...installerHook: Could not find custom/install/install_hooks.php
2021-01-27 22:44:06...installerHook: Could not find custom/install/install_hooks.php
2021-01-27 22:44:09...Begin System Check Process *************
2021-01-27 22:44:10...XML Parsing Support Found
2021-01-27 22:44:10...MBString Support Found
2021-01-27 22:44:10...ZIP Support Found
2021-01-27 22:44:10.../custom directory and subdirectory check passed
2021-01-27 22:44:10...cache directory and subdirectory check passed
2021-01-27 22:44:11.../module  directory and subdirectory check passed
2021-01-27 22:44:11.../upload directory check passed
2021-01-27 22:44:11.../zip check passed
2021-01-27 22:44:11...PCRE version check passed
2021-01-27 22:44:11...installerHook: Could not find custom/install/install_hooks.php
2021-01-27 22:44:11...php.ini location found. /etc/php/5.6/fpm/php.ini
2021-01-27 22:44:11...Outputting HTML for System check
2021-01-27 22:44:11...No Errors were found *************
2021-01-27 22:44:14...installerHook: Could not find custom/install/install_hooks.php
2021-01-27 22:44:17...installerHook: Could not find custom/install/install_hooks.php
2021-01-27 22:44:19...installerHook: Could not find custom/install/install_hooks.php
2021-01-27 22:46:10...Begin DB Check Process *************
2021-01-27 22:46:10...testing with mysql:mysqli
2021-01-27 22:46:10...Basic form info is valid, continuing Process.
2021-01-27 22:46:10...Testing user account...
2021-01-27 22:46:10...Connection made using  host: 192.168.10.10, usr: homestead
2021-01-27 22:46:10...Testing priviliged account...
2021-01-27 22:46:10...Connection made using  host: 192.168.10.10, usr: homestead
2021-01-27 22:46:10...ERROR:: The provided Database Name already exists.  You can<br>1.  hit the back button and choose a new database name <br>2.  click next and continue but all existing tables on this database will be dropped.  <strong>This means your tables and data will be blown away.</strong>
2021-01-27 22:46:10...Passed DB install check
2021-01-27 22:46:10...WARNING:: no errors detected, but DB tables will be dropped!, issuing warning to user
2021-01-27 22:46:10...End DB Check Process *************
2021-01-27 22:46:29...installerHook: Could not find custom/install/install_hooks.php
2021-01-27 22:46:46...installerHook: Could not find custom/install/install_hooks.php
2021-01-27 22:47:14...installerHook: Could not find custom/install/install_hooks.php
2021-01-27 22:47:14...calling handleSugarConfig()
2021-01-27 22:47:14...calling handleLog4Php()
2021-01-27 22:47:14...calling handleHtaccess()
2021-01-27 22:47:14...calling handleDbCharsetCollation()
2021-01-27 22:47:16...looping through all the Beans and create their tables
2021-01-27 22:47:16...processing table acl_actions
2021-01-27 22:47:16...dropping table acl_actions
2021-01-27 22:47:16...creating table acl_actions
2021-01-27 22:47:16...creating Relationship Meta for ACLAction
2021-01-27 22:47:16...processing table acl_roles
2021-01-27 22:47:16...dropping table acl_roles
2021-01-27 22:47:16...creating table acl_roles
2021-01-27 22:47:16...creating Relationship Meta for ACLRole
2021-01-27 22:47:16...processing table relationships
2021-01-27 22:47:16...dropping table relationships
2021-01-27 22:47:17...creating table relationships
2021-01-27 22:47:17...creating Relationship Meta for Relationship
2021-01-27 22:47:17...processing table leads
2021-01-27 22:47:17...dropping table leads
2021-01-27 22:47:17...creating table leads
2021-01-27 22:47:17...creating Relationship Meta for Lead
2021-01-27 22:47:17...processing table cases
2021-01-27 22:47:17...dropping table cases
2021-01-27 22:47:17...creating table cases
2021-01-27 22:47:17...creating Relationship Meta for Case
2021-01-27 22:47:18...processing table bugs
2021-01-27 22:47:18...dropping table bugs
2021-01-27 22:47:18...creating table bugs
2021-01-27 22:47:18...creating Relationship Meta for Bug
2021-01-27 22:47:18...processing table users
2021-01-27 22:47:18...dropping table users
2021-01-27 22:47:18...creating table users
2021-01-27 22:47:18...creating Relationship Meta for User
2021-01-27 22:47:18...processing table campaign_log
2021-01-27 22:47:18...dropping table campaign_log
2021-01-27 22:47:18...creating table campaign_log
2021-01-27 22:47:18...creating Relationship Meta for CampaignLog
2021-01-27 22:47:18...processing table project
2021-01-27 22:47:18...dropping table project
2021-01-27 22:47:18...creating table project
2021-01-27 22:47:18...creating Relationship Meta for Project
2021-01-27 22:47:19...processing table project_task
2021-01-27 22:47:19...dropping table project_task
2021-01-27 22:47:19...creating table project_task
2021-01-27 22:47:19...creating Relationship Meta for ProjectTask
2021-01-27 22:47:19...processing table campaigns
2021-01-27 22:47:19...dropping table campaigns
2021-01-27 22:47:19...creating table campaigns
2021-01-27 22:47:19...creating Relationship Meta for Campaign
2021-01-27 22:47:19...processing table prospect_lists
2021-01-27 22:47:19...dropping table prospect_lists
2021-01-27 22:47:19...creating table prospect_lists
2021-01-27 22:47:19...creating Relationship Meta for ProspectList
2021-01-27 22:47:20...processing table prospects
2021-01-27 22:47:20...dropping table prospects
2021-01-27 22:47:20...creating table prospects
2021-01-27 22:47:20...creating Relationship Meta for Prospect
2021-01-27 22:47:20...processing table email_marketing
2021-01-27 22:47:20...dropping table email_marketing
2021-01-27 22:47:20...creating table email_marketing
2021-01-27 22:47:20...creating Relationship Meta for EmailMarketing
2021-01-27 22:47:20...processing table campaign_trkrs
2021-01-27 22:47:20...dropping table campaign_trkrs
2021-01-27 22:47:20...creating table campaign_trkrs
2021-01-27 22:47:20...creating Relationship Meta for CampaignTracker
2021-01-27 22:47:20...processing table releases
2021-01-27 22:47:20...dropping table releases
2021-01-27 22:47:20...creating table releases
2021-01-27 22:47:20...creating Relationship Meta for Release
2021-01-27 22:47:20...processing table emailman
2021-01-27 22:47:20...dropping table emailman
2021-01-27 22:47:20...creating table emailman
2021-01-27 22:47:20...creating Relationship Meta for EmailMan
2021-01-27 22:47:20...processing table schedulers
2021-01-27 22:47:20...dropping table schedulers
2021-01-27 22:47:21...creating table schedulers
2021-01-27 22:47:21...creating Relationship Meta for Scheduler
2021-01-27 22:47:21...processing table job_queue
2021-01-27 22:47:21...dropping table job_queue
2021-01-27 22:47:21...creating table job_queue
2021-01-27 22:47:21...creating Relationship Meta for SchedulersJob
2021-01-27 22:47:21...processing table contacts
2021-01-27 22:47:21...dropping table contacts
2021-01-27 22:47:21...creating table contacts
2021-01-27 22:47:21...creating Relationship Meta for Contact
2021-01-27 22:47:21...processing table accounts
2021-01-27 22:47:21...dropping table accounts
2021-01-27 22:47:21...creating table accounts
2021-01-27 22:47:21...creating Relationship Meta for Account
2021-01-27 22:47:22...processing table opportunities
2021-01-27 22:47:22...dropping table opportunities
2021-01-27 22:47:22...creating table opportunities
2021-01-27 22:47:22...creating Relationship Meta for Opportunity
2021-01-27 22:47:22...processing table email_templates
2021-01-27 22:47:22...dropping table email_templates
2021-01-27 22:47:22...creating table email_templates
2021-01-27 22:47:22...creating Relationship Meta for EmailTemplate
2021-01-27 22:47:22...processing table notes
2021-01-27 22:47:22...dropping table notes
2021-01-27 22:47:22...creating table notes
2021-01-27 22:47:22...creating Relationship Meta for Note
2021-01-27 22:47:23...processing table calls
2021-01-27 22:47:23...dropping table calls
2021-01-27 22:47:23...creating table calls
2021-01-27 22:47:23...creating Relationship Meta for Call
2021-01-27 22:47:23...processing table emails
2021-01-27 22:47:23...dropping table emails
2021-01-27 22:47:23...creating table emails
2021-01-27 22:47:23...creating Relationship Meta for Email
2021-01-27 22:47:23...processing table meetings
2021-01-27 22:47:23...dropping table meetings
2021-01-27 22:47:24...creating table meetings
2021-01-27 22:47:24...creating Relationship Meta for Meeting
2021-01-27 22:47:24...processing table tasks
2021-01-27 22:47:24...dropping table tasks
2021-01-27 22:47:24...creating table tasks
2021-01-27 22:47:24...creating Relationship Meta for Task
2021-01-27 22:47:24...processing table users
2021-01-27 22:47:24...processing table users
2021-01-27 22:47:24...processing table currencies
2021-01-27 22:47:24...dropping table currencies
2021-01-27 22:47:24...creating table currencies
2021-01-27 22:47:24...creating Relationship Meta for Currency
2021-01-27 22:47:24...processing table tracker
2021-01-27 22:47:24...dropping table tracker
2021-01-27 22:47:25...creating table tracker
2021-01-27 22:47:25...creating Relationship Meta for Tracker
2021-01-27 22:47:25...processing table import_maps
2021-01-27 22:47:25...dropping table import_maps
2021-01-27 22:47:25...creating table import_maps
2021-01-27 22:47:25...creating Relationship Meta for ImportMap
2021-01-27 22:47:25...processing table users_last_import
2021-01-27 22:47:25...dropping table users_last_import
2021-01-27 22:47:25...creating table users_last_import
2021-01-27 22:47:25...creating Relationship Meta for UsersLastImport
2021-01-27 22:47:25...processing table config
2021-01-27 22:47:25...dropping table config
2021-01-27 22:47:25...creating table config
2021-01-27 22:47:25...creating Relationship Meta for Administration
2021-01-27 22:47:25...processing table upgrade_history
2021-01-27 22:47:25...dropping table upgrade_history
2021-01-27 22:47:25...creating table upgrade_history
2021-01-27 22:47:25...creating Relationship Meta for UpgradeHistory
2021-01-27 22:47:25...processing table vcals
2021-01-27 22:47:25...dropping table vcals
2021-01-27 22:47:25...creating table vcals
2021-01-27 22:47:25...creating Relationship Meta for vCal
2021-01-27 22:47:25...processing table versions
2021-01-27 22:47:25...dropping table versions
2021-01-27 22:47:25...creating table versions
2021-01-27 22:47:25...creating Relationship Meta for Version
2021-01-27 22:47:25...processing table roles
2021-01-27 22:47:25...dropping table roles
2021-01-27 22:47:25...creating table roles
2021-01-27 22:47:25...creating Relationship Meta for Role
2021-01-27 22:47:26...processing table documents
2021-01-27 22:47:26...dropping table documents
2021-01-27 22:47:26...creating table documents
2021-01-27 22:47:26...creating Relationship Meta for Document
2021-01-27 22:47:26...processing table document_revisions
2021-01-27 22:47:26...dropping table document_revisions
2021-01-27 22:47:26...creating table document_revisions
2021-01-27 22:47:26...creating Relationship Meta for DocumentRevision
2021-01-27 22:47:26...processing table fields_meta_data
2021-01-27 22:47:26...dropping table fields_meta_data
2021-01-27 22:47:26...creating table fields_meta_data
2021-01-27 22:47:26...creating Relationship Meta for FieldsMetaData
2021-01-27 22:47:26...processing table inbound_email
2021-01-27 22:47:26...dropping table inbound_email
2021-01-27 22:47:26...creating table inbound_email
2021-01-27 22:47:26...creating Relationship Meta for InboundEmail
2021-01-27 22:47:26...processing table saved_search
2021-01-27 22:47:26...dropping table saved_search
2021-01-27 22:47:26...creating table saved_search
2021-01-27 22:47:26...creating Relationship Meta for SavedSearch
2021-01-27 22:47:26...processing table user_preferences
2021-01-27 22:47:26...dropping table user_preferences
2021-01-27 22:47:26...creating table user_preferences
2021-01-27 22:47:26...creating Relationship Meta for UserPreference
2021-01-27 22:47:26...processing table 
2021-01-27 22:47:26...processing table email_addresses
2021-01-27 22:47:26...dropping table email_addresses
2021-01-27 22:47:27...creating table email_addresses
2021-01-27 22:47:27...creating Relationship Meta for EmailAddress
2021-01-27 22:47:27...processing table emails_text
2021-01-27 22:47:27...dropping table emails_text
2021-01-27 22:47:27...creating table emails_text
2021-01-27 22:47:27...creating Relationship Meta for EmailText
2021-01-27 22:47:27...processing table sugarfeed
2021-01-27 22:47:27...dropping table sugarfeed
2021-01-27 22:47:27...creating table sugarfeed
2021-01-27 22:47:27...creating Relationship Meta for SugarFeed
2021-01-27 22:47:27...processing table eapm
2021-01-27 22:47:27...dropping table eapm
2021-01-27 22:47:27...creating table eapm
2021-01-27 22:47:27...creating Relationship Meta for EAPM
2021-01-27 22:47:27...processing table oauth_consumer
2021-01-27 22:47:27...dropping table oauth_consumer
2021-01-27 22:47:27...creating table oauth_consumer
2021-01-27 22:47:27...creating Relationship Meta for OAuthKey
2021-01-27 22:47:27...processing table oauth_tokens
2021-01-27 22:47:27...dropping table oauth_tokens
2021-01-27 22:47:27...creating table oauth_tokens
2021-01-27 22:47:27...creating Relationship Meta for OAuthToken
2021-01-27 22:47:32...Begin creating Defaults
2021-01-27 22:47:32...insert defaults into config table
2021-01-27 22:47:32...Creating default users
2021-01-27 22:47:32...Creating default scheduler jobs
2021-01-27 22:47:32...Enable SugarFeeds
2021-01-27 22:47:32...Enable InsideView Connector
2021-01-27 22:47:32...Creating FTS logic hook
2021-01-27 22:47:33...populating the db with seed data
2021-01-27 22:47:33...Installation has completed *********
2021-01-27 22:47:49...installerHook: Could not find custom/install/install_hooks.php